D:\Visual Studio 2017\Visual Studio 2017\Common7\IDE\VC\VCTargets\Microsoft.CppBuild.targets(391,5): warning MSB8028: The intermediate directory (x64\Release\) contains files shared from another project (DBoW.vcxproj).  This can lead to incorrect clean and rebuild behavior.
  main.cpp
d:\library\dbow3\src\vocabulary.h(302): warning C4290: C++ exception specification ignored except to indicate a function is not __declspec(nothrow)
d:\library\dbow3\src\vocabulary.h(303): warning C4290: C++ exception specification ignored except to indicate a function is not __declspec(nothrow)
d:\library\dbow3\src\vocabulary.h(438): warning C4290: C++ exception specification ignored except to indicate a function is not __declspec(nothrow)
d:\library\dbow3\src\descmanip.h(95): warning C4244: 'return': conversion from 'uint64_t' to 'uint32_t', possible loss of data
c:\users\owner\desktop\comparison_approach\saliency\src\kcc.h(60): warning C4305: 'initializing': truncation from 'double' to 'float'
c:\users\owner\desktop\comparison_approach\saliency\src\kcc.h(61): warning C4305: 'initializing': truncation from 'double' to 'float'
c:\users\owner\desktop\comparison_approach\saliency\src\kcc.h(65): warning C4305: 'initializing': truncation from 'double' to 'float'
c:\users\owner\desktop\comparison_approach\saliency\src\kcc.h(66): warning C4305: 'initializing': truncation from 'double' to 'float'
c:\users\owner\desktop\comparison_approach\saliency\src\kcc.h(67): warning C4305: 'initializing': truncation from 'double' to 'float'
c:\users\owner\desktop\comparison_approach\saliency\src\kcc.h(68): warning C4305: 'initializing': truncation from 'double' to 'float'
c:\users\owner\desktop\comparison_approach\saliency\src\kcc.h(69): warning C4305: 'initializing': truncation from 'double' to 'float'
c:\users\owner\desktop\comparison_approach\saliency\src\main.cpp(219): warning C4305: 'initializing': truncation from 'double' to 'float'
  saliency_detection.cpp
d:\library\dbow3\src\vocabulary.h(302): warning C4290: C++ exception specification ignored except to indicate a function is not __declspec(nothrow)
d:\library\dbow3\src\vocabulary.h(303): warning C4290: C++ exception specification ignored except to indicate a function is not __declspec(nothrow)
d:\library\dbow3\src\vocabulary.h(438): warning C4290: C++ exception specification ignored except to indicate a function is not __declspec(nothrow)
d:\library\dbow3\src\descmanip.h(95): warning C4244: 'return': conversion from 'uint64_t' to 'uint32_t', possible loss of data
  Generating code
  58 of 337 functions (17.2%) were compiled, the rest were copied from previous compilation.
    0 functions were new in current compilation
    13 functions had inline decision re-evaluated but remain unchanged
  Finished generating code
  DBoW.vcxproj -> C:\Users\owner\Desktop\Comparison_Approach\Saliency\x64\Release\SaliencyDetection.exe
